0 info it worked if it ends with ok
1 verbose cli [ 'C:\\Program Files\\nodejs\\\\node.exe',
1 verbose cli   'C:\\Program Files\\nodejs\\node_modules\\npm\\bin\\npm-cli.js',
1 verbose cli   'install',
1 verbose cli   'grunt-contrib-concat',
1 verbose cli   '--save-dev' ]
2 info using npm@1.2.21
3 info using node@v0.10.7
4 verbose node symlink C:\Program Files\nodejs\\node.exe
5 verbose read json C:\Users\ejunxsh\Documents\GitHub\cocos2d-html5-junxiong\package.json
6 verbose read json C:\Users\ejunxsh\Documents\GitHub\cocos2d-html5-junxiong\node_modules\concat\package.json
7 verbose read json C:\Users\ejunxsh\Documents\GitHub\cocos2d-html5-junxiong\node_modules\grunt\package.json
8 verbose read json C:\Users\ejunxsh\Documents\GitHub\cocos2d-html5-junxiong\node_modules\grunt-closure-compiler\package.json
9 verbose read json C:\Users\ejunxsh\Documents\GitHub\cocos2d-html5-junxiong\node_modules\grunt-contrib\package.json
10 verbose read json C:\Users\ejunxsh\Documents\GitHub\cocos2d-html5-junxiong\node_modules\grunt-contrib-concat\package.json
11 verbose from cache C:\Users\ejunxsh\Documents\GitHub\cocos2d-html5-junxiong\package.json
12 verbose readDependencies using package.json deps
13 verbose cache add [ 'grunt-contrib-concat', null ]
14 verbose cache add name=undefined spec="grunt-contrib-concat" args=["grunt-contrib-concat",null]
15 verbose parsed url { protocol: null,
15 verbose parsed url   slashes: null,
15 verbose parsed url   auth: null,
15 verbose parsed url   host: null,
15 verbose parsed url   port: null,
15 verbose parsed url   hostname: null,
15 verbose parsed url   hash: null,
15 verbose parsed url   search: null,
15 verbose parsed url   query: null,
15 verbose parsed url   pathname: 'grunt-contrib-concat',
15 verbose parsed url   path: 'grunt-contrib-concat',
15 verbose parsed url   href: 'grunt-contrib-concat' }
16 silly lockFile 2cb61a47-grunt-contrib-concat grunt-contrib-concat
17 verbose lock grunt-contrib-concat C:\Users\ejunxsh\AppData\Roaming\npm-cache\2cb61a47-grunt-contrib-concat.lock
18 silly lockFile 2cb61a47-grunt-contrib-concat grunt-contrib-concat
19 silly lockFile 2cb61a47-grunt-contrib-concat grunt-contrib-concat
20 verbose addNamed [ 'grunt-contrib-concat', '' ]
21 verbose addNamed [ null, '' ]
22 silly lockFile 9f2aab3b-grunt-contrib-concat grunt-contrib-concat@
23 verbose lock grunt-contrib-concat@ C:\Users\ejunxsh\AppData\Roaming\npm-cache\9f2aab3b-grunt-contrib-concat.lock
24 silly addNameRange { name: 'grunt-contrib-concat', range: '', hasData: false }
25 verbose url raw grunt-contrib-concat
26 verbose url resolving [ 'https://registry.npmjs.org/', './grunt-contrib-concat' ]
27 verbose url resolved https://registry.npmjs.org/grunt-contrib-concat
28 info trying registry request attempt 1 at 15:09:03
29 verbose etag "64WXFRRAM66TVGM0EH9TYSE1"
30 http GET https://registry.npmjs.org/grunt-contrib-concat
31 http 304 https://registry.npmjs.org/grunt-contrib-concat
32 silly registry.get cb [ 304,
32 silly registry.get   { server: 'CouchDB/1.3.0 (Erlang OTP/R15B03)',
32 silly registry.get     etag: '"64WXFRRAM66TVGM0EH9TYSE1"',
32 silly registry.get     date: 'Fri, 24 May 2013 07:09:05 GMT',
32 silly registry.get     'content-length': '0' } ]
33 verbose etag grunt-contrib-concat from cache
34 silly addNameRange number 2 { name: 'grunt-contrib-concat', range: '', hasData: true }
35 silly addNameRange versions [ 'grunt-contrib-concat',
35 silly addNameRange   [ '0.1.0',
35 silly addNameRange     '0.1.1',
35 silly addNameRange     '0.1.2rc5',
35 silly addNameRange     '0.1.2rc6',
35 silly addNameRange     '0.1.2',
35 silly addNameRange     '0.1.3',
35 silly addNameRange     '0.2.0',
35 silly addNameRange     '0.3.0' ] ]
36 verbose addNamed [ 'grunt-contrib-concat', '0.3.0' ]
37 verbose addNamed [ '0.3.0', '0.3.0' ]
38 silly lockFile 11d10dc6-grunt-contrib-concat-0-3-0 grunt-contrib-concat@0.3.0
39 verbose lock grunt-contrib-concat@0.3.0 C:\Users\ejunxsh\AppData\Roaming\npm-cache\11d10dc6-grunt-contrib-concat-0-3-0.lock
40 verbose read json C:\Users\ejunxsh\AppData\Roaming\npm-cache\grunt-contrib-concat\0.3.0\package\package.json
41 silly lockFile 11d10dc6-grunt-contrib-concat-0-3-0 grunt-contrib-concat@0.3.0
42 silly lockFile 11d10dc6-grunt-contrib-concat-0-3-0 grunt-contrib-concat@0.3.0
43 silly lockFile 9f2aab3b-grunt-contrib-concat grunt-contrib-concat@
44 silly lockFile 9f2aab3b-grunt-contrib-concat grunt-contrib-concat@
45 silly resolved [ { name: 'grunt-contrib-concat',
45 silly resolved     description: 'Concatenate files.',
45 silly resolved     version: '0.3.0',
45 silly resolved     homepage: 'https://github.com/gruntjs/grunt-contrib-concat',
45 silly resolved     author: { name: 'Grunt Team', url: 'http://gruntjs.com/' },
45 silly resolved     repository:
45 silly resolved      { type: 'git',
45 silly resolved        url: 'git://github.com/gruntjs/grunt-contrib-concat.git' },
45 silly resolved     bugs: { url: 'https://github.com/gruntjs/grunt-contrib-concat/issues' },
45 silly resolved     licenses: [ [Object] ],
45 silly resolved     main: 'Gruntfile.js',
45 silly resolved     engines: { node: '>= 0.8.0' },
45 silly resolved     scripts: { test: 'grunt test' },
45 silly resolved     devDependencies:
45 silly resolved      { 'grunt-contrib-jshint': '~0.2.0',
45 silly resolved        'grunt-contrib-nodeunit': '~0.1.2',
45 silly resolved        'grunt-contrib-clean': '~0.4.0',
45 silly resolved        'grunt-contrib-internal': '~0.4.2',
45 silly resolved        grunt: '~0.4.0' },
45 silly resolved     peerDependencies: { grunt: '~0.4.0' },
45 silly resolved     keywords: [ 'gruntplugin' ],
45 silly resolved     contributors: [ [Object], [Object], [Object] ],
45 silly resolved     readme: '# grunt-contrib-concat [![Build Status](https://secure.travis-ci.org/gruntjs/grunt-contrib-concat.png?branch=master)](http://travis-ci.org/gruntjs/grunt-contrib-concat)\n\n> Concatenate files.\n\n\n\n## Getting Started\nThis plugin requires Grunt `~0.4.0`\n\nIf you haven\'t used [Grunt](http://gruntjs.com/) before, be sure to check out the [Getting Started](http://gruntjs.com/getting-started) guide, as it explains how to create a [Gruntfile](http://gruntjs.com/sample-gruntfile) as well as install and use Grunt plugins. Once you\'re familiar with that process, you may install this plugin with this command:\n\n```shell\nnpm install grunt-contrib-concat --save-dev\n```\n\nOnce the plugin has been installed, it may be enabled inside your Gruntfile with this line of JavaScript:\n\n```js\ngrunt.loadNpmTasks(\'grunt-contrib-concat\');\n```\n\n\n\n\n## Concat task\n_Run this task with the `grunt concat` command._\n\nTask targets, files and options may be specified according to the grunt [Configuring tasks](http://gruntjs.com/configuring-tasks) guide.\n### Options\n\n#### separator\nType: `String`\nDefault: `grunt.util.linefeed`\n\nConcatenated files will be joined on this string. If you\'re post-processing concatenated JavaScript files with a minifier, you may need to use a semicolon `\';\'` as the separator.\n\n#### banner\nType: `String`\nDefault: empty string\n\nThis string will be prepended to the beginning of the concatenated output. It is processed using [grunt.template.process][], using the default options.\n\n_(Default processing options are explained in the [grunt.template.process][] documentation)_\n\n#### footer\nType: `String`\nDefault: empty string\n\nThis string will be appended to the end of the concatenated output. It is processed using [grunt.template.process][], using the default options.\n\n_(Default processing options are explained in the [grunt.template.process][] documentation)_\n\n#### stripBanners\nType: `Boolean` `Object`\nDefault: `false`\n\nStrip JavaScript banner comments from source files.\n\n* `false` - No comments are stripped.\n* `true` - `/* ... */` block comments are stripped, but _NOT_ `/*! ... */` comments.\n* `options` object:\n  * By default, behaves as if `true` were specified.\n  * `block` - If true, _all_ block comments are stripped.\n  * `line` - If true, any contiguous _leading_ `//` line comments are stripped.\n\n#### process\nType: `Boolean` `Object`\nDefault: `false`\n\nProcess source files as [templates][] before concatenating.\n\n* `false` - No processing will occur.\n* `true` - Process source files using [grunt.template.process][] defaults.\n* `options` object - Process source files using [grunt.template.process][], using the specified options.\n* `function(src, filepath)` - Process source files using the given function, called once for each file. The returned value will be used as source code.\n\n_(Default processing options are explained in the [grunt.template.process][] documentation)_\n\n  [templates]: https://github.com/gruntjs/grunt/wiki/grunt.template\n  [grunt.template.process]: https://github.com/gruntjs/grunt/wiki/grunt.template#wiki-grunt-template-process\n\n### Usage Examples\n\n#### Concatenating with a custom separator\n\nIn this example, running `grunt concat:dist` (or `grunt concat` because `concat` is a [multi task][]) will concatenate the three specified source files (in order), joining files with `;` and writing the output to `dist/built.js`.\n\n```js\n// Project configuration.\ngrunt.initConfig({\n  concat: {\n    options: {\n      separator: \';\'\n    },\n    dist: {\n      src: [\'src/intro.js\', \'src/project.js\', \'src/outro.js\'],\n      dest: \'dist/built.js\'\n    }\n  }\n});\n```\n\n#### Banner comments\n\nIn this example, running `grunt concat:dist` will first strip any preexisting banner comment from the `src/project.js` file, then concatenate the result with a newly-generated banner comment, writing the output to `dist/built.js`.\n\nThis generated banner will be the contents of the `banner` template string interpolated with the config object. In this case, those properties are the values imported from the `package.json` file (which are available via the `pkg` config property) plus today\'s date.\n\n_Note: you don\'t have to use an external JSON file. It\'s also valid to create the `pkg` object inline in the config. That being said, if you already have a JSON file, you might as well reference it._\n\n```js\n// Project configuration.\ngrunt.initConfig({\n  pkg: grunt.file.readJSON(\'package.json\'),\n  concat: {\n    options: {\n      stripBanners: true,\n      banner: \'/*! <%= pkg.name %> - v<%= pkg.version %> - \' +\n        \'<%= grunt.template.today("yyyy-mm-dd") %> */\'\n    },\n    dist: {\n      src: [\'src/project.js\'],\n      dest: \'dist/built.js\'\n    }\n  }\n});\n```\n\n#### Multiple targets\n\nIn this example, running `grunt concat` will build two separate files. One "basic" version, with the main file essentially just copied to `dist/basic.js`, and another "with_extras" concatenated version written to `dist/with_extras.js`.\n\nWhile each concat target can be built individually by running `grunt concat:basic` or `grunt concat:extras`, running `grunt concat` will build all concat targets. This is because `concat` is a [multi task][].\n\n```js\n// Project configuration.\ngrunt.initConfig({\n  concat: {\n    basic: {\n      src: [\'src/main.js\'],\n      dest: \'dist/basic.js\'\n    },\n    extras: {\n      src: [\'src/main.js\', \'src/extras.js\'],\n      dest: \'dist/with_extras.js\'\n    }\n  }\n});\n```\n\n#### Multiple files per target\n\nLike the previous example, in this example running `grunt concat` will build two separate files. One "basic" version, with the main file essentially just copied to `dist/basic.js`, and another "with_extras" concatenated version written to `dist/with_extras.js`.\n\nThis example differs in that both files are built under the same target.\n\nUsing the `files` object, you can have list any number of source-destination pairs.\n\n```js\n// Project configuration.\ngrunt.initConfig({\n  concat: {\n    basic_and_extras: {\n      files: {\n        \'dist/basic.js\': [\'src/main.js\'],\n        \'dist/with_extras.js\': [\'src/main.js\', \'src/extras.js\']\n      }\n    }\n  }\n});\n```\n\n#### Dynamic filenames\n\nFilenames can be generated dynamically by using `<%= %>` delimited underscore templates as filenames.\n\nIn this example, running `grunt concat:dist` generates a destination file whose name is generated from the `name` and `version` properties of the referenced `package.json` file (via the `pkg` config property).\n\n```js\n// Project configuration.\ngrunt.initConfig({\n  pkg: grunt.file.readJSON(\'package.json\'),\n  concat: {\n    dist: {\n      src: [\'src/main.js\'],\n      dest: \'dist/<%= pkg.name %>-<%= pkg.version %>.js\'\n    }\n  }\n});\n```\n\n#### Advanced dynamic filenames\n\nIn this more involved example, running `grunt concat` will build two separate files (because `concat` is a [multi task][]). The destination file paths will be expanded dynamically based on the specified templates, recursively if necessary.\n\nFor example, if the `package.json` file contained `{"name": "awesome", "version": "1.0.0"}`, the files `dist/awesome/1.0.0/basic.js` and `dist/awesome/1.0.0/with_extras.js` would be generated.\n\n```javascript\n// Project configuration.\ngrunt.initConfig({\n  pkg: grunt.file.readJSON(\'package.json\'),\n  dirs: {\n    src: \'src/files\',\n    dest: \'dist/<%= pkg.name %>/<%= pkg.version %>\'\n  },\n  concat: {\n    basic: {\n      src: [\'<%= dirs.src %>/main.js\'],\n      dest: \'<%= dirs.dest %>/basic.js\'\n    },\n    extras: {\n      src: [\'<%= dirs.src %>/main.js\', \'<%= dirs.src %>/extras.js\'],\n      dest: \'<%= dirs.dest %>/with_extras.js\'\n    }\n  }\n});\n```\n\n#### Invalid or Missing Files Warning\nIf you would like the `concat` task to warn if a given file is missing or invalid be sure to set `nonull` to `true`:\n\n```js\ngrunt.initConfig({\n  concat: {\n    missing: {\n      src: [\'src/invalid_or_missing_file\'],\n      dest: \'compiled.js\',\n      nonull: true,\n    },\n  },\n});\n```\n\nSee [configuring files for a task](http://gruntjs.com/configuring-tasks#files) for how to configure file globbing in Grunt.\n\n\n#### Custom process function\nIf you would like to do any custom processing before concatenating, use a custom process function:\n\n```js\nrunt.initConfig({\n  concat: {\n    dist: {\n      options: {\n        // Replace all \'use strict\' statements in the code with a single one at the top\n        banner: "\'use strict\';\\n",\n        process: function(src, filepath) {\n          return \'// Source: \' + filepath + \'\\n\' +\n            src.replace(/(^|\\n)[ \\t]*(\'use strict\'|"use strict");?\\s*/g, \'$1\');\n        },\n      },\n      files: {\n        \'dist/built.js\': [\'src/project.js\'],\n      },\n    },\n  },\n});\n```\n\n## Release History\n\n * 2013-04-25   v0.3.0   Add option to process files with a custom function.\n * 2013-04-08   v0.2.0   Dont normalize separator to allow user to set LF even on a Windows environment.\n * 2013-02-22   v0.1.3   Support footer option.\n * 2013-02-15   v0.1.2   First official release for Grunt 0.4.0.\n * 2013-01-18   v0.1.2rc6   Updating grunt/gruntplugin dependencies to rc6. Changing in-development grunt/gruntplugin dependency versions from tilde version ranges to specific versions.\n * 2013-01-09   v0.1.2rc5   Updating to work with grunt v0.4.0rc5. Switching back to this.files api.\n * 2012-11-13   v0.1.1   Switch to this.file api internally.\n * 2012-10-03   v0.1.0   Work in progress, not yet officially released.\n\n---\n\nTask submitted by ["Cowboy" Ben Alman](http://benalman.com/)\n\n*This file was generated on Thu Apr 25 2013 20:22:44.*\n',
45 silly resolved     readmeFilename: 'README.md',
45 silly resolved     _id: 'grunt-contrib-concat@0.3.0',
45 silly resolved     _from: 'grunt-contrib-concat@' } ]
46 info install grunt-contrib-concat@0.3.0 into C:\Users\ejunxsh\Documents\GitHub\cocos2d-html5-junxiong
47 info installOne grunt-contrib-concat@0.3.0
48 verbose from cache C:\Users\ejunxsh\AppData\Roaming\npm-cache\grunt-contrib-concat\0.3.0\package\package.json
49 info C:\Users\ejunxsh\Documents\GitHub\cocos2d-html5-junxiong\node_modules\grunt-contrib-concat unbuild
50 verbose from cache C:\Users\ejunxsh\Documents\GitHub\cocos2d-html5-junxiong\node_modules\grunt-contrib-concat\package.json
51 info preuninstall grunt-contrib-concat@0.3.0
52 info uninstall grunt-contrib-concat@0.3.0
53 verbose true,C:\Users\ejunxsh\Documents\GitHub\cocos2d-html5-junxiong\node_modules,C:\Users\ejunxsh\Documents\GitHub\cocos2d-html5-junxiong\node_modules unbuild grunt-contrib-concat@0.3.0
54 info postuninstall grunt-contrib-concat@0.3.0
55 verbose tar unpack C:\Users\ejunxsh\AppData\Roaming\npm-cache\grunt-contrib-concat\0.3.0\package.tgz
56 silly lockFile d82946a1-ode-modules-grunt-contrib-concat C:\Users\ejunxsh\Documents\GitHub\cocos2d-html5-junxiong\node_modules\grunt-contrib-concat
57 verbose lock C:\Users\ejunxsh\Documents\GitHub\cocos2d-html5-junxiong\node_modules\grunt-contrib-concat C:\Users\ejunxsh\AppData\Roaming\npm-cache\d82946a1-ode-modules-grunt-contrib-concat.lock
58 silly lockFile ca5b42e2-contrib-concat-0-3-0-package-tgz C:\Users\ejunxsh\AppData\Roaming\npm-cache\grunt-contrib-concat\0.3.0\package.tgz
59 verbose lock C:\Users\ejunxsh\AppData\Roaming\npm-cache\grunt-contrib-concat\0.3.0\package.tgz C:\Users\ejunxsh\AppData\Roaming\npm-cache\ca5b42e2-contrib-concat-0-3-0-package-tgz.lock
60 silly gunzTarPerm modes [ '755', '644' ]
61 silly gunzTarPerm extractEntry package.json
62 silly gunzTarPerm modified mode [ 'package.json', 438, 420 ]
63 silly gunzTarPerm extractEntry .npmignore
64 silly gunzTarPerm modified mode [ '.npmignore', 438, 420 ]
65 silly gunzTarPerm extractEntry README.md
66 silly gunzTarPerm modified mode [ 'README.md', 438, 420 ]
67 silly gunzTarPerm extractEntry Gruntfile.js
68 silly gunzTarPerm modified mode [ 'Gruntfile.js', 438, 420 ]
69 silly gunzTarPerm extractEntry docs/concat-examples.md
70 silly gunzTarPerm modified mode [ 'docs/concat-examples.md', 438, 420 ]
71 silly gunzTarPerm extractEntry docs/concat-options.md
72 silly gunzTarPerm modified mode [ 'docs/concat-options.md', 438, 420 ]
73 silly gunzTarPerm extractEntry docs/concat-overview.md
74 silly gunzTarPerm modified mode [ 'docs/concat-overview.md', 438, 420 ]
75 silly gunzTarPerm extractEntry CHANGELOG
76 silly gunzTarPerm modified mode [ 'CHANGELOG', 438, 420 ]
77 silly gunzTarPerm extractEntry CONTRIBUTING.md
78 silly gunzTarPerm modified mode [ 'CONTRIBUTING.md', 438, 420 ]
79 silly gunzTarPerm extractEntry .jshintrc
80 silly gunzTarPerm modified mode [ '.jshintrc', 438, 420 ]
81 silly gunzTarPerm extractEntry .gitattributes
82 silly gunzTarPerm modified mode [ '.gitattributes', 438, 420 ]
83 silly gunzTarPerm extractEntry LICENSE-MIT
84 silly gunzTarPerm modified mode [ 'LICENSE-MIT', 438, 420 ]
85 silly gunzTarPerm extractEntry .travis.yml
86 silly gunzTarPerm modified mode [ '.travis.yml', 438, 420 ]
87 silly gunzTarPerm extractEntry AUTHORS
88 silly gunzTarPerm modified mode [ 'AUTHORS', 438, 420 ]
89 silly gunzTarPerm extractEntry tasks/concat.js
90 silly gunzTarPerm modified mode [ 'tasks/concat.js', 438, 420 ]
91 silly gunzTarPerm extractEntry tasks/lib/comment.js
92 silly gunzTarPerm modified mode [ 'tasks/lib/comment.js', 438, 420 ]
93 silly gunzTarPerm extractEntry test/concat_test.js
94 silly gunzTarPerm modified mode [ 'test/concat_test.js', 438, 420 ]
95 silly gunzTarPerm extractEntry test/expected/custom_options
96 silly gunzTarPerm modified mode [ 'test/expected/custom_options', 438, 420 ]
97 silly gunzTarPerm extractEntry test/expected/default_options
98 silly gunzTarPerm modified mode [ 'test/expected/default_options', 438, 420 ]
99 silly gunzTarPerm extractEntry test/expected/handling_invalid_files
100 silly gunzTarPerm modified mode [ 'test/expected/handling_invalid_files', 438, 420 ]
101 silly gunzTarPerm extractEntry test/expected/process_function
102 silly gunzTarPerm modified mode [ 'test/expected/process_function', 438, 420 ]
103 silly gunzTarPerm extractEntry test/fixtures/banner.js
104 silly gunzTarPerm modified mode [ 'test/fixtures/banner.js', 438, 420 ]
105 silly gunzTarPerm extractEntry test/fixtures/banner2.js
106 silly gunzTarPerm modified mode [ 'test/fixtures/banner2.js', 438, 420 ]
107 silly gunzTarPerm extractEntry test/fixtures/banner3.js
108 silly gunzTarPerm modified mode [ 'test/fixtures/banner3.js', 438, 420 ]
109 silly gunzTarPerm extractEntry test/fixtures/file1
110 silly gunzTarPerm modified mode [ 'test/fixtures/file1', 438, 420 ]
111 silly gunzTarPerm extractEntry test/fixtures/file2
112 silly gunzTarPerm modified mode [ 'test/fixtures/file2', 438, 420 ]
113 verbose read json C:\Users\ejunxsh\Documents\GitHub\cocos2d-html5-junxiong\node_modules\grunt-contrib-concat\package.json
114 silly lockFile d82946a1-ode-modules-grunt-contrib-concat C:\Users\ejunxsh\Documents\GitHub\cocos2d-html5-junxiong\node_modules\grunt-contrib-concat
115 silly lockFile d82946a1-ode-modules-grunt-contrib-concat C:\Users\ejunxsh\Documents\GitHub\cocos2d-html5-junxiong\node_modules\grunt-contrib-concat
116 silly lockFile ca5b42e2-contrib-concat-0-3-0-package-tgz C:\Users\ejunxsh\AppData\Roaming\npm-cache\grunt-contrib-concat\0.3.0\package.tgz
117 silly lockFile ca5b42e2-contrib-concat-0-3-0-package-tgz C:\Users\ejunxsh\AppData\Roaming\npm-cache\grunt-contrib-concat\0.3.0\package.tgz
118 info preinstall grunt-contrib-concat@0.3.0
119 verbose from cache C:\Users\ejunxsh\Documents\GitHub\cocos2d-html5-junxiong\node_modules\grunt-contrib-concat\package.json
120 verbose readDependencies using package.json deps
121 verbose from cache C:\Users\ejunxsh\Documents\GitHub\cocos2d-html5-junxiong\node_modules\grunt-contrib-concat\package.json
122 verbose readDependencies using package.json deps
123 silly resolved []
124 verbose about to build C:\Users\ejunxsh\Documents\GitHub\cocos2d-html5-junxiong\node_modules\grunt-contrib-concat
125 info build C:\Users\ejunxsh\Documents\GitHub\cocos2d-html5-junxiong\node_modules\grunt-contrib-concat
126 verbose from cache C:\Users\ejunxsh\Documents\GitHub\cocos2d-html5-junxiong\node_modules\grunt-contrib-concat\package.json
127 verbose linkStuff [ false,
127 verbose linkStuff   false,
127 verbose linkStuff   false,
127 verbose linkStuff   'C:\\Users\\ejunxsh\\Documents\\GitHub\\cocos2d-html5-junxiong\\node_modules' ]
128 info linkStuff grunt-contrib-concat@0.3.0
129 verbose from cache C:\Users\ejunxsh\Documents\GitHub\cocos2d-html5-junxiong\package.json
130 error TypeError: Object.keys called on non-object
130 error     at Function.keys (native)
130 error     at C:\Program Files\nodejs\node_modules\npm\lib\build.js:111:18
130 error     at process._tickCallback (node.js:415:13)
131 error If you need help, you may report this log at:
131 error     <http://github.com/isaacs/npm/issues>
131 error or email it to:
131 error     <npm-@googlegroups.com>
132 error System Windows_NT 6.1.7601
133 error command "C:\\Program Files\\nodejs\\\\node.exe" "C:\\Program Files\\nodejs\\node_modules\\npm\\bin\\npm-cli.js" "install" "grunt-contrib-concat" "--save-dev"
134 error cwd C:\Users\ejunxsh\Documents\GitHub\cocos2d-html5-junxiong
135 error node -v v0.10.7
136 error npm -v 1.2.21
137 error type called_on_non_object
138 verbose exit [ 1, true ]
